#
# A fatal error has been detected by the Java Runtime Environment:
#
#  EXCEPTION_ACCESS_VIOLATION (0xc0000005) at pc=0x00007ffda833e512, pid=13132, tid=3464
#
# JRE version: OpenJDK Runtime Environment Temurin-11.0.14.1+1 (11.0.14.1+1) (build 11.0.14.1+1)
# Java VM: OpenJDK 64-Bit Server VM Temurin-11.0.14.1+1 (11.0.14.1+1, mixed mode, tiered, compressed oops, g1 gc, windows-amd64)
# Problematic frame:
# V  [jvm.dll+0x35e512]
#
# No core dump will be written. Minidumps are not enabled by default on client versions of Windows
#
# If you would like to submit a bug report, please visit:
#   https://github.com/adoptium/adoptium-support/issues
#

---------------  S U M M A R Y ------------

Command Line: -Dfile.encoding=UTF-8 -Dcom.android.sdklib.toolsdir=C:\Program Files\Unity\Hub\Editor\2022.3.17f1\Editor\Data\PlaybackEngines\AndroidPlayer\SDK\cmdline-tools\6.0\bin\\.. com.android.sdklib.tool.sdkmanager.SdkManagerCli --list

Host: AMD Ryzen 5 1400 Quad-Core Processor           , 8 cores, 15G,  Windows 10 , 64 bit Build 19041 (10.0.19041.3636)
Time: Thu Apr  4 19:37:21 2024 Hora oficial do Brasil elapsed time: 2.756597 seconds (0d 0h 0m 2s)

---------------  T H R E A D  ---------------

Current thread (0x000001c1fa37f000):  JavaThread "C2 CompilerThread0" daemon [_thread_in_native, id=3464, stack(0x00000085e2c00000,0x00000085e2d00000)]


Current CompileTask:
C2:   2756 1818 %     4       com.sun.crypto.provider.GHASH::blockMult @ 23 (245 bytes)

Stack: [0x00000085e2c00000,0x00000085e2d00000],  sp=0x00000085e2cfb2d0,  free space=1004k
Native frames: (J=compiled Java code, j=interpreted, Vv=VM code, C=native code)
V  [jvm.dll+0x35e512]
V  [jvm.dll+0x512ba4]
V  [jvm.dll+0x5133b2]
V  [jvm.dll+0x325bc2]
V  [jvm.dll+0x324eca]
V  [jvm.dll+0x208c05]
V  [jvm.dll+0x207ded]
V  [jvm.dll+0x18a2c1]
V  [jvm.dll+0x217734]
V  [jvm.dll+0x21597b]
V  [jvm.dll+0x76d7c0]
V  [jvm.dll+0x766724]
V  [jvm.dll+0x61d3f6]
C  [ucrtbase.dll+0x21bb2]
C  [KERNEL32.DLL+0x17344]
C  [ntdll.dll+0x526b1]


siginfo: EXCEPTION_ACCESS_VIOLATION (0xc0000005), reading address 0xffffffffffffffff


Register to memory mapping:

RIP=0x00007ffda833e512 jvm.dll
RAX=0x00000085e2cfdf30 is pointing into the stack for thread: 0x000001c1fa37f000
RBX=0x0000000000000002 is an unknown value
RCX=0x00000085e2cfec30 is pointing into the stack for thread: 0x000001c1fa37f000
RDX=0x000001c1f9a77688 points into unknown readable memory: 0x000001c1fa37f000 | 00 f0 37 fa c1 01 00 00
RSP=0x00000085e2cfb2d0 is pointing into the stack for thread: 0x000001c1fa37f000
RBP=0x0000000000000008 is an unknown value
RSI=0x00007ffda8a8ba40 jvm.dll
RDI=0x000001c1fae08d08 points into unknown readable memory: 0x000001c1f9a77680 | 80 76 a7 f9 c1 01 00 00
R8 =0x000001c1faef3e40 points into unknown readable memory: 0x000001c1faef3e80 | 80 3e ef fa c1 01 00 00
R9 =0x00000085e2cfb330 is pointing into the stack for thread: 0x000001c1fa37f000
R10=0x0000000000000002 is an unknown value
R11=0x000001c1faf4c0c0 points into unknown readable memory: 0x00007ffd00000004 | 04 00 00 00 fd 7f 00 00
R12=0x0000000000000001 is an unknown value
R13=0x000001c1faf4b380 points into unknown readable memory: 0x000001c100000000 | 00 00 00 00 c1 01 00 00
R14=0x0 is NULL
R15=0x000001c1faef0bd0 points into unknown readable memory: 0x0000000a00000004 | 04 00 00 00 0a 00 00 00


Registers:
RAX=0x00000085e2cfdf30, RBX=0x0000000000000002, RCX=0x00000085e2cfec30, RDX=0x000001c1f9a77688
RSP=0x00000085e2cfb2d0, RBP=0x0000000000000008, RSI=0x00007ffda8a8ba40, RDI=0x000001c1fae08d08
R8 =0x000001c1faef3e40, R9 =0x00000085e2cfb330, R10=0x0000000000000002, R11=0x000001c1faf4c0c0
R12=0x0000000000000001, R13=0x000001c1faf4b380, R14=0x0000000000000000, R15=0x000001c1faef0bd0
RIP=0x00007ffda833e512, EFLAGS=0x0000000000010206

Top of Stack: (sp=0x00000085e2cfb2d0)
0x00000085e2cfb2d0:   0000000000000000 000001c1faabb980
0x00000085e2cfb2e0:   000001c1faf4c200 00007ffda833e634
0x00000085e2cfb2f0:   000001c1faf4c200 00007ffda84f2ba4
0x00000085e2cfb300:   000000000000009a 0000000004000000
0x00000085e2cfb310:   0000000000000004 00007ffda84f3860
0x00000085e2cfb320:   000001c1faf4b380 0000000000000000
0x00000085e2cfb330:   0000009e00000000 00007ffd00000005
0x00000085e2cfb340:   000001c1faef3e40 00007ffd00000001
0x00000085e2cfb350:   000001c1faf4c0d0 0000000000000003
0x00000085e2cfb360:   000001c1faf4c0c0 00007ffd00000003
0x00000085e2cfb370:   0000000000000008 000001c1faabbc48
0x00000085e2cfb380:   000001c1faabb980 0000000000000000
0x00000085e2cfb390:   000001c1faf4c0c0 0000000000000001
0x00000085e2cfb3a0:   0000000000000008 00007ffda84f33b2
0x00000085e2cfb3b0:   00000085e2cfb730 000001c1faabbc48
0x00000085e2cfb3c0:   00000085e2cfb730 00000085e2cfb400 

Instructions: (pc=0x00007ffda833e512)
0x00007ffda833e412:   48 8b c1 48 89 51 30 c3 cc cc cc cc cc cc 48 83
0x00007ffda833e422:   ec 28 4c 8b c9 8b 49 08 83 f9 08 73 1c 4d 8b 51
0x00007ffda833e432:   10 44 8b c1 8d 51 01 43 83 3c 82 00 0f 85 0d 01
0x00007ffda833e442:   00 00 8b ca 83 fa 08 72 e8 45 8b 51 18 41 8b 41
0x00007ffda833e452:   28 48 89 5c 24 30 48 89 6c 24 38 48 89 74 24 40
0x00007ffda833e462:   48 89 7c 24 20 44 3b d0 0f 83 ba 00 00 00 8b 0d
0x00007ffda833e472:   56 94 78 00 48 8d 35 c3 d5 74 00 65 48 8b 04 25
0x00007ffda833e482:   58 00 00 00 bd 08 00 00 00 48 8d 3c c8 90 49 8b
0x00007ffda833e492:   41 20 41 8b da 4c 8b 04 d8 4c 3b c6 74 7a 33 c0
0x00007ffda833e4a2:   4d 89 41 10 33 c9 0f 1f 84 00 00 00 00 00 42 83
0x00007ffda833e4b2:   3c 01 00 8d 50 01 0f 85 be 00 00 00 48 83 c1 04
0x00007ffda833e4c2:   8b c2 83 fa 08 72 e7 4d 8b 59 30 4d 85 db 74 48
0x00007ffda833e4d2:   49 8b 43 08 8b d5 48 03 17 4c 8b 04 d8 48 8b 02
0x00007ffda833e4e2:   48 8b 88 e8 04 00 00 48 8b 81 80 00 00 00 48 8b
0x00007ffda833e4f2:   88 b0 08 00 00 49 89 08 48 8b 02 48 8b 88 e8 04
0x00007ffda833e502:   00 00 48 8b 81 80 00 00 00 4c 89 80 b0 08 00 00
0x00007ffda833e512:   49 8b 43 08 48 89 34 d8 41 8b 41 28 41 ff c2 44
0x00007ffda833e522:   3b d0 0f 82 66 ff ff ff 41 89 41 18 33 c0 41 c7
0x00007ffda833e532:   41 08 08 00 00 00 48 8b 74 24 40 48 8b 6c 24 38
0x00007ffda833e542:   48 8b 5c 24 30 48 8b 7c 24 20 48 83 c4 28 c3 41
0x00007ffda833e552:   8b 41 18 8d 0c c1 c1 e1 05 81 e9 00 01 00 00 41
0x00007ffda833e562:   89 49 04 49 8b c9 43 8b 04 82 41 89 01 41 89 51
0x00007ffda833e572:   08 48 83 c4 28 e9 34 30 e4 ff 42 8d 0c d0 c1 e1
0x00007ffda833e582:   05 41 89 49 04 8b c8 41 8d 42 01 41 8b 0c 88 41
0x00007ffda833e592:   89 09 49 8b c9 41 89 41 18 41 89 51 08 e8 0c 30
0x00007ffda833e5a2:   e4 ff eb 92 cc cc cc cc cc cc cc cc cc cc 40 53
0x00007ffda833e5b2:   48 83 ec 20 8b 0d 10 93 78 00 65 48 8b 04 25 58
0x00007ffda833e5c2:   00 00 00 ba 08 00 00 00 48 8b 04 c8 48 8b 0c 10
0x00007ffda833e5d2:   48 8b 81 e8 04 00 00 48 8b 98 80 00 00 00 48 8b
0x00007ffda833e5e2:   83 b0 08 00 00 48 85 c0 75 0c e8 cf 0a 00 00 48
0x00007ffda833e5f2:   8b 83 b0 08 00 00 48 8b 08 48 89 8b b0 08 00 00
0x00007ffda833e602:   33 c9 48 89 08 48 89 48 08 48 89 48 10 48 89 48 


Stack slot to memory mapping:
stack at sp + 0 slots: 0x0 is NULL
stack at sp + 1 slots: 0x000001c1faabb980 points into unknown readable memory: 0x00007ffda885d7e0 | e0 d7 85 a8 fd 7f 00 00
stack at sp + 2 slots: 0x000001c1faf4c200 points into unknown readable memory: 0x0000000400000004 | 04 00 00 00 04 00 00 00
stack at sp + 3 slots: 0x00007ffda833e634 jvm.dll
stack at sp + 4 slots: 0x000001c1faf4c200 points into unknown readable memory: 0x0000000400000004 | 04 00 00 00 04 00 00 00
stack at sp + 5 slots: 0x00007ffda84f2ba4 jvm.dll
stack at sp + 6 slots: 0x000000000000009a is an unknown value
stack at sp + 7 slots: 0x0000000004000000 is an unknown value


---------------  P R O C E S S  ---------------

Threads class SMR info:
_java_thread_list=0x000001c1fb766b80, length=12, elements={
0x000001c1d5d46000, 0x000001c1f9a7f000, 0x000001c1f9a75800, 0x000001c1f9a8d000,
0x000001c1f9a8e000, 0x000001c1fa379800, 0x000001c1fa37f000, 0x000001c1fa380800,
0x000001c1fa385800, 0x000001c1fa4f2800, 0x000001c1fb5d6000, 0x000001c1fb778800
}

Java Threads: ( => current thread )
  0x000001c1d5d46000 JavaThread "main" [_thread_in_Java, id=4000, stack(0x00000085e2000000,0x00000085e2100000)]
  0x000001c1f9a7f000 JavaThread "Reference Handler" daemon [_thread_blocked, id=8592, stack(0x00000085e2700000,0x00000085e2800000)]
  0x000001c1f9a75800 JavaThread "Finalizer" daemon [_thread_blocked, id=15208, stack(0x00000085e2800000,0x00000085e2900000)]
  0x000001c1f9a8d000 JavaThread "Signal Dispatcher" daemon [_thread_blocked, id=11056, stack(0x00000085e2900000,0x00000085e2a00000)]
  0x000001c1f9a8e000 JavaThread "Attach Listener" daemon [_thread_blocked, id=17352, stack(0x00000085e2a00000,0x00000085e2b00000)]
  0x000001c1fa379800 JavaThread "Service Thread" daemon [_thread_blocked, id=16108, stack(0x00000085e2b00000,0x00000085e2c00000)]
=>0x000001c1fa37f000 JavaThread "C2 CompilerThread0" daemon [_thread_in_native, id=3464, stack(0x00000085e2c00000,0x00000085e2d00000)]
  0x000001c1fa380800 JavaThread "C1 CompilerThread0" daemon [_thread_blocked, id=14088, stack(0x00000085e2d00000,0x00000085e2e00000)]
  0x000001c1fa385800 JavaThread "Sweeper thread" daemon [_thread_blocked, id=7456, stack(0x00000085e2e00000,0x00000085e2f00000)]
  0x000001c1fa4f2800 JavaThread "Common-Cleaner" daemon [_thread_blocked, id=13712, stack(0x00000085e3000000,0x00000085e3100000)]
  0x000001c1fb5d6000 JavaThread "Keep-Alive-Timer" daemon [_thread_blocked, id=6912, stack(0x00000085e3100000,0x00000085e3200000)]
  0x000001c1fb778800 JavaThread "C2 CompilerThread1" daemon [_thread_in_native, id=11944, stack(0x00000085e3800000,0x00000085e3900000)]

Other Threads:
  0x000001c1f9a6c000 VMThread "VM Thread" [stack: 0x00000085e2600000,0x00000085e2700000] [id=8344]
  0x000001c1fa4e8800 WatcherThread [stack: 0x00000085e2f00000,0x00000085e3000000] [id=15168]
  0x000001c1d5d5e000 GCTaskThread "GC Thread#0" [stack: 0x00000085e2100000,0x00000085e2200000] [id=16064]
  0x000001c1fb615800 GCTaskThread "GC Thread#1" [stack: 0x00000085e3300000,0x00000085e3400000] [id=2836]
  0x000001c1fb616000 GCTaskThread "GC Thread#2" [stack: 0x00000085e3400000,0x00000085e3500000] [id=7188]
  0x000001c1fb617000 GCTaskThread "GC Thread#3" [stack: 0x00000085e3500000,0x00000085e3600000] [id=1740]
  0x000001c1fb5fb800 GCTaskThread "GC Thread#4" [stack: 0x00000085e3600000,0x00000085e3700000] [id=18572]
  0x000001c1fb5fc000 GCTaskThread "GC Thread#5" [stack: 0x00000085e3700000,0x00000085e3800000] [id=9040]
  0x000001c1d5dc2000 ConcurrentGCThread "G1 Main Marker" [stack: 0x00000085e2200000,0x00000085e2300000] [id=10756]
  0x000001c1d5dc5000 ConcurrentGCThread "G1 Conc#0" [stack: 0x00000085e2300000,0x00000085e2400000] [id=17972]
  0x000001c1fb5df000 ConcurrentGCThread "G1 Conc#1" [stack: 0x00000085e3200000,0x00000085e3300000] [id=20316]
  0x000001c1f9956000 ConcurrentGCThread "G1 Refine#0" [stack: 0x00000085e2400000,0x00000085e2500000] [id=6752]
  0x000001c1f9957000 ConcurrentGCThread "G1 Young RemSet Sampling" [stack: 0x00000085e2500000,0x00000085e2600000] [id=13624]

Threads with active compile tasks:
C2 CompilerThread0   2793 1818 %     4       com.sun.crypto.provider.GHASH::blockMult @ 23 (245 bytes)
C2 CompilerThread1   2793 1874   !   4       java.util.zip.ZipFile::getEntry (73 bytes)

VM state:not at safepoint (normal execution)

VM Mutex/Monitor currently owned by a thread: None

Heap address: 0x0000000701a00000, size: 4070 MB, Compressed Oops mode: Zero based, Oop shift amount: 3
Narrow klass base: 0x0000000800000000, Narrow klass shift: 0
Compressed class space size: 1073741824 Address: 0x0000000800000000

Heap:
 garbage-first heap   total 262144K, used 10540K [0x0000000701a00000, 0x0000000800000000)
  region size 1024K, 7 young (7168K), 2 survivors (2048K)
 Metaspace       used 21774K, capacity 22098K, committed 22192K, reserved 1069056K
  class space    used 2148K, capacity 2275K, committed 2304K, reserved 1048576K
Heap Regions: E=young(eden), S=young(survivor), O=old, HS=humongous(starts), HC=humongous(continues), CS=collection set, F=free, A=archive, TAMS=top-at-mark-start (previous, next)
|   0|0x0000000701a00000, 0x0000000701b00000, 0x0000000701b00000|100%| O|  |TAMS 0x0000000701b00000, 0x0000000701a00000| Untracked 
|   1|0x0000000701b00000, 0x0000000701c00000, 0x0000000701c00000|100%| O|  |TAMS 0x0000000701c00000, 0x0000000701b00000| Untracked 
|   2|0x0000000701c00000, 0x0000000701d00000, 0x0000000701d00000|100%| O|  |TAMS 0x0000000701d00000, 0x0000000701c00000| Untracked 
|   3|0x0000000701d00000, 0x0000000701e00000, 0x0000000701e00000|100%| O|  |TAMS 0x0000000701e00000, 0x0000000701d00000| Untracked 
|   4|0x0000000701e00000, 0x0000000701e58e00, 0x0000000701f00000| 34%| O|  |TAMS 0x0000000701e58e00, 0x0000000701e00000| Untracked 
|   5|0x0000000701f00000, 0x0000000701f00000, 0x0000000702000000|  0%| F|  |TAMS 0x0000000701f00000, 0x0000000701f00000| Untracked 
|   6|0x0000000702000000, 0x0000000702000000, 0x0000000702100000|  0%| F|  |TAMS 0x0000000702000000, 0x0000000702000000| Untracked 
|   7|0x0000000702100000, 0x0000000702100000, 0x0000000702200000|  0%| F|  |TAMS 0x0000000702100000, 0x0000000702100000| Untracked 
|   8|0x0000000702200000, 0x0000000702200000, 0x0000000702300000|  0%| F|  |TAMS 0x0000000702200000, 0x0000000702200000| Untracked 
|   9|0x0000000702300000, 0x0000000702300000, 0x0000000702400000|  0%| F|  |TAMS 0x0000000702300000, 0x0000000702300000| Untracked 
|  10|0x0000000702400000, 0x0000000702400000, 0x0000000702500000|  0%| F|  |TAMS 0x0000000702400000, 0x0000000702400000| Untracked 
|  11|0x0000000702500000, 0x0000000702500000, 0x0000000702600000|  0%| F|  |TAMS 0x0000000702500000, 0x0000000702500000| Untracked 
|  12|0x0000000702600000, 0x0000000702600000, 0x0000000702700000|  0%| F|  |TAMS 0x0000000702600000, 0x0000000702600000| Untracked 
|  13|0x0000000702700000, 0x0000000702700000, 0x0000000702800000|  0%| F|  |TAMS 0x0000000702700000, 0x0000000702700000| Untracked 
|  14|0x0000000702800000, 0x0000000702800000, 0x0000000702900000|  0%| F|  |TAMS 0x0000000702800000, 0x0000000702800000| Untracked 
|  15|0x0000000702900000, 0x0000000702900000, 0x0000000702a00000|  0%| F|  |TAMS 0x0000000702900000, 0x0000000702900000| Untracked 
|  16|0x0000000702a00000, 0x0000000702a00000, 0x0000000702b00000|  0%| F|  |TAMS 0x0000000702a00000, 0x0000000702a00000| Untracked 
|  17|0x0000000702b00000, 0x0000000702b00000, 0x0000000702c00000|  0%| F|  |TAMS 0x0000000702b00000, 0x0000000702b00000| Untracked 
|  18|0x0000000702c00000, 0x0000000702c00000, 0x0000000702d00000|  0%| F|  |TAMS 0x0000000702c00000, 0x0000000702c00000| Untracked 
|  19|0x0000000702d00000, 0x0000000702d00000, 0x0000000702e00000|  0%| F|  |TAMS 0x0000000702d00000, 0x0000000702d00000| Untracked 
|  20|0x0000000702e00000, 0x0000000702e00000, 0x0000000702f00000|  0%| F|  |TAMS 0x0000000702e00000, 0x0000000702e00000| Untracked 
|  21|0x0000000702f00000, 0x0000000702f00000, 0x0000000703000000|  0%| F|  |TAMS 0x0000000702f00000, 0x0000000702f00000| Untracked 
|  22|0x0000000703000000, 0x0000000703000000, 0x0000000703100000|  0%| F|  |TAMS 0x0000000703000000, 0x0000000703000000| Untracked 
|  23|0x0000000703100000, 0x0000000703100000, 0x0000000703200000|  0%| F|  |TAMS 0x0000000703100000, 0x0000000703100000| Untracked 
|  24|0x0000000703200000, 0x0000000703200000, 0x0000000703300000|  0%| F|  |TAMS 0x0000000703200000, 0x0000000703200000| Untracked 
|  25|0x0000000703300000, 0x0000000703300000, 0x0000000703400000|  0%| F|  |TAMS 0x0000000703300000, 0x0000000703300000| Untracked 
|  26|0x0000000703400000, 0x0000000703400000, 0x0000000703500000|  0%| F|  |TAMS 0x0000000703400000, 0x0000000703400000| Untracked 
|  27|0x0000000703500000, 0x0000000703500000, 0x0000000703600000|  0%| F|  |TAMS 0x0000000703500000, 0x0000000703500000| Untracked 
|  28|0x0000000703600000, 0x0000000703600000, 0x0000000703700000|  0%| F|  |TAMS 0x0000000703600000, 0x0000000703600000| Untracked 
|  29|0x0000000703700000, 0x0000000703700000, 0x0000000703800000|  0%| F|  |TAMS 0x0000000703700000, 0x0000000703700000| Untracked 
|  30|0x0000000703800000, 0x0000000703800000, 0x0000000703900000|  0%| F|  |TAMS 0x0000000703800000, 0x0000000703800000| Untracked 
|  31|0x0000000703900000, 0x0000000703900000, 0x0000000703a00000|  0%| F|  |TAMS 0x0000000703900000, 0x0000000703900000| Untracked 
|  32|0x0000000703a00000, 0x0000000703a00000, 0x0000000703b00000|  0%| F|  |TAMS 0x0000000703a00000, 0x0000000703a00000| Untracked 
|  33|0x0000000703b00000, 0x0000000703b00000, 0x0000000703c00000|  0%| F|  |TAMS 0x0000000703b00000, 0x0000000703b00000| Untracked 
|  34|0x0000000703c00000, 0x0000000703c00000, 0x0000000703d00000|  0%| F|  |TAMS 0x0000000703c00000, 0x0000000703c00000| Untracked 
|  35|0x0000000703d00000, 0x0000000703d00000, 0x0000000703e00000|  0%| F|  |TAMS 0x0000000703d00000, 0x0000000703d00000| Untracked 
|  36|0x0000000703e00000, 0x0000000703e00000, 0x0000000703f00000|  0%| F|  |TAMS 0x0000000703e00000, 0x0000000703e00000| Untracked 
|  37|0x0000000703f00000, 0x0000000703f00000, 0x0000000704000000|  0%| F|  |TAMS 0x0000000703f00000, 0x0000000703f00000| Untracked 
|  38|0x0000000704000000, 0x0000000704000000, 0x0000000704100000|  0%| F|  |TAMS 0x0000000704000000, 0x0000000704000000| Untracked 
|  39|0x0000000704100000, 0x0000000704100000, 0x0000000704200000|  0%| F|  |TAMS 0x0000000704100000, 0x0000000704100000| Untracked 
|  40|0x0000000704200000, 0x0000000704200000, 0x0000000704300000|  0%| F|  |TAMS 0x0000000704200000, 0x0000000704200000| Untracked 
|  41|0x0000000704300000, 0x0000000704300000, 0x0000000704400000|  0%| F|  |TAMS 0x0000000704300000, 0x0000000704300000| Untracked 
|  42|0x0000000704400000, 0x0000000704400000, 0x0000000704500000|  0%| F|  |TAMS 0x0000000704400000, 0x0000000704400000| Untracked 
|  43|0x0000000704500000, 0x0000000704500000, 0x0000000704600000|  0%| F|  |TAMS 0x0000000704500000, 0x0000000704500000| Untracked 
|  44|0x0000000704600000, 0x0000000704600000, 0x0000000704700000|  0%| F|  |TAMS 0x0000000704600000, 0x0000000704600000| Untracked 
|  45|0x0000000704700000, 0x0000000704700000, 0x0000000704800000|  0%| F|  |TAMS 0x0000000704700000, 0x0000000704700000| Untracked 
|  46|0x0000000704800000, 0x0000000704800000, 0x0000000704900000|  0%| F|  |TAMS 0x0000000704800000, 0x0000000704800000| Untracked 
|  47|0x0000000704900000, 0x0000000704900000, 0x0000000704a00000|  0%| F|  |TAMS 0x0000000704900000, 0x0000000704900000| Untracked 
|  48|0x0000000704a00000, 0x0000000704a00000, 0x0000000704b00000|  0%| F|  |TAMS 0x0000000704a00000, 0x0000000704a00000| Untracked 
|  49|0x0000000704b00000, 0x0000000704b00000, 0x0000000704c00000|  0%| F|  |TAMS 0x0000000704b00000, 0x0000000704b00000| Untracked 
|  50|0x0000000704c00000, 0x0000000704c00000, 0x0000000704d00000|  0%| F|  |TAMS 0x0000000704c00000, 0x0000000704c00000| Untracked 
|  51|0x0000000704d00000, 0x0000000704d00000, 0x0000000704e00000|  0%| F|  |TAMS 0x0000000704d00000, 0x0000000704d00000| Untracked 
|  52|0x0000000704e00000, 0x0000000704e00000, 0x0000000704f00000|  0%| F|  |TAMS 0x0000000704e00000, 0x0000000704e00000| Untracked 
|  53|0x0000000704f00000, 0x0000000704f00000, 0x0000000705000000|  0%| F|  |TAMS 0x0000000704f00000, 0x0000000704f00000| Untracked 
|  54|0x0000000705000000, 0x0000000705000000, 0x0000000705100000|  0%| F|  |TAMS 0x0000000705000000, 0x0000000705000000| Untracked 
|  55|0x0000000705100000, 0x0000000705100000, 0x0000000705200000|  0%| F|  |TAMS 0x0000000705100000, 0x0000000705100000| Untracked 
|  56|0x0000000705200000, 0x0000000705200000, 0x0000000705300000|  0%| F|  |TAMS 0x0000000705200000, 0x0000000705200000| Untracked 
|  57|0x0000000705300000, 0x0000000705300000, 0x0000000705400000|  0%| F|  |TAMS 0x0000000705300000, 0x0000000705300000| Untracked 
|  58|0x0000000705400000, 0x0000000705400000, 0x0000000705500000|  0%| F|  |TAMS 0x0000000705400000, 0x0000000705400000| Untracked 
|  59|0x0000000705500000, 0x0000000705500000, 0x0000000705600000|  0%| F|  |TAMS 0x0000000705500000, 0x0000000705500000| Untracked 
|  60|0x0000000705600000, 0x0000000705600000, 0x0000000705700000|  0%| F|  |TAMS 0x0000000705600000, 0x0000000705600000| Untracked 
|  61|0x0000000705700000, 0x0000000705700000, 0x0000000705800000|  0%| F|  |TAMS 0x0000000705700000, 0x0000000705700000| Untracked 
|  62|0x0000000705800000, 0x0000000705800000, 0x0000000705900000|  0%| F|  |TAMS 0x0000000705800000, 0x0000000705800000| Untracked 
|  63|0x0000000705900000, 0x0000000705900000, 0x0000000705a00000|  0%| F|  |TAMS 0x0000000705900000, 0x0000000705900000| Untracked 
|  64|0x0000000705a00000, 0x0000000705a00000, 0x0000000705b00000|  0%| F|  |TAMS 0x0000000705a00000, 0x0000000705a00000| Untracked 
|  65|0x0000000705b00000, 0x0000000705b00000, 0x0000000705c00000|  0%| F|  |TAMS 0x0000000705b00000, 0x0000000705b00000| Untracked 
|  66|0x0000000705c00000, 0x0000000705c00000, 0x0000000705d00000|  0%| F|  |TAMS 0x0000000705c00000, 0x0000000705c00000| Untracked 
|  67|0x0000000705d00000, 0x0000000705d00000, 0x0000000705e00000|  0%| F|  |TAMS 0x0000000705d00000, 0x0000000705d00000| Untracked 
|  68|0x0000000705e00000, 0x0000000705e00000, 0x0000000705f00000|  0%| F|  |TAMS 0x0000000705e00000, 0x0000000705e00000| Untracked 
|  69|0x0000000705f00000, 0x0000000705f00000, 0x0000000706000000|  0%| F|  |TAMS 0x0000000705f00000, 0x0000000705f00000| Untracked 
|  70|0x0000000706000000, 0x0000000706000000, 0x0000000706100000|  0%| F|  |TAMS 0x0000000706000000, 0x0000000706000000| Untracked 
|  71|0x0000000706100000, 0x0000000706100000, 0x0000000706200000|  0%| F|  |TAMS 0x0000000706100000, 0x0000000706100000| Untracked 
|  72|0x0000000706200000, 0x0000000706200000, 0x0000000706300000|  0%| F|  |TAMS 0x0000000706200000, 0x0000000706200000| Untracked 
|  73|0x0000000706300000, 0x0000000706300000, 0x0000000706400000|  0%| F|  |TAMS 0x0000000706300000, 0x0000000706300000| Untracked 
|  74|0x0000000706400000, 0x0000000706400000, 0x0000000706500000|  0%| F|  |TAMS 0x0000000706400000, 0x0000000706400000| Untracked 
|  75|0x0000000706500000, 0x0000000706500000, 0x0000000706600000|  0%| F|  |TAMS 0x0000000706500000, 0x0000000706500000| Untracked 
|  76|0x0000000706600000, 0x0000000706600000, 0x0000000706700000|  0%| F|  |TAMS 0x0000000706600000, 0x0000000706600000| Untracked 
|  77|0x0000000706700000, 0x0000000706700000, 0x0000000706800000|  0%| F|  |TAMS 0x0000000706700000, 0x0000000706700000| Untracked 
|  78|0x0000000706800000, 0x0000000706800000, 0x0000000706900000|  0%| F|  |TAMS 0x0000000706800000, 0x0000000706800000| Untracked 
|  79|0x0000000706900000, 0x0000000706900000, 0x0000000706a00000|  0%| F|  |TAMS 0x0000000706900000, 0x0000000706900000| Untracked 
|  80|0x0000000706a00000, 0x0000000706a00000, 0x0000000706b00000|  0%| F|  |TAMS 0x0000000706a00000, 0x0000000706a00000| Untracked 
|  81|0x0000000706b00000, 0x0000000706b00000, 0x0000000706c00000|  0%| F|  |TAMS 0x0000000706b00000, 0x0000000706b00000| Untracked 
|  82|0x0000000706c00000, 0x0000000706c00000, 0x0000000706d00000|  0%| F|  |TAMS 0x0000000706c00000, 0x0000000706c00000| Untracked 
|  83|0x0000000706d00000, 0x0000000706d00000, 0x0000000706e00000|  0%| F|  |TAMS 0x0000000706d00000, 0x0000000706d00000| Untracked 
|  84|0x0000000706e00000, 0x0000000706e00000, 0x0000000706f00000|  0%| F|  |TAMS 0x0000000706e00000, 0x0000000706e00000| Untracked 
|  85|0x0000000706f00000, 0x0000000706f00000, 0x0000000707000000|  0%| F|  |TAMS 0x0000000706f00000, 0x0000000706f00000| Untracked 
|  86|0x0000000707000000, 0x0000000707000000, 0x0000000707100000|  0%| F|  |TAMS 0x0000000707000000, 0x0000000707000000| Untracked 
|  87|0x0000000707100000, 0x0000000707100000, 0x0000000707200000|  0%| F|  |TAMS 0x0000000707100000, 0x0000000707100000| Untracked 
|  88|0x0000000707200000, 0x0000000707200000, 0x0000000707300000|  0%| F|  |TAMS 0x0000000707200000, 0x0000000707200000| Untracked 
|  89|0x0000000707300000, 0x0000000707300000, 0x0000000707400000|  0%| F|  |TAMS 0x0000000707300000, 0x0000000707300000| Untracked 
|  90|0x0000000707400000, 0x0000000707400000, 0x0000000707500000|  0%| F|  |TAMS 0x0000000707400000, 0x0000000707400000| Untracked 
|  91|0x0000000707500000, 0x0000000707500000, 0x0000000707600000|  0%| F|  |TAMS 0x0000000707500000, 0x0000000707500000| Untracked 
|  92|0x0000000707600000, 0x0000000707600000, 0x0000000707700000|  0%| F|  |TAMS 0x0000000707600000, 0x0000000707600000| Untracked 
|  93|0x0000000707700000, 0x0000000707700000, 0x0000000707800000|  0%| F|  |TAMS 0x0000000707700000, 0x0000000707700000| Untracked 
|  94|0x0000000707800000, 0x0000000707800000, 0x0000000707900000|  0%| F|  |TAMS 0x0000000707800000, 0x0000000707800000| Untracked 
|  95|0x0000000707900000, 0x0000000707900000, 0x0000000707a00000|  0%| F|  |TAMS 0x0000000707900000, 0x0000000707900000| Untracked 
|  96|0x0000000707a00000, 0x0000000707a00000, 0x0000000707b00000|  0%| F|  |TAMS 0x0000000707a00000, 0x0000000707a00000| Untracked 
|  97|0x0000000707b00000, 0x0000000707b00000, 0x0000000707c00000|  0%| F|  |TAMS 0x0000000707b00000, 0x0000000707b00000| Untracked 
|  98|0x0000000707c00000, 0x0000000707c00000, 0x0000000707d00000|  0%| F|  |TAMS 0x0000000707c00000, 0x0000000707c00000| Untracked 
|  99|0x0000000707d00000, 0x0000000707d00000, 0x0000000707e00000|  0%| F|  |TAMS 0x0000000707d00000, 0x0000000707d00000| Untracked 
| 100|0x0000000707e00000, 0x0000000707e00000, 0x0000000707f00000|  0%| F|  |TAMS 0x0000000707e00000, 0x0000000707e00000| Untracked 
| 101|0x0000000707f00000, 0x0000000707f00000, 0x0000000708000000|  0%| F|  |TAMS 0x0000000707f00000, 0x0000000707f00000| Untracked 
| 102|0x0000000708000000, 0x0000000708000000, 0x0000000708100000|  0%| F|  |TAMS 0x0000000708000000, 0x0000000708000000| Untracked 
| 103|0x0000000708100000, 0x0000000708100000, 0x0000000708200000|  0%| F|  |TAMS 0x0000000708100000, 0x0000000708100000| Untracked 
| 104|0x0000000708200000, 0x0000000708200000, 0x0000000708300000|  0%| F|  |TAMS 0x0000000708200000, 0x0000000708200000| Untracked 
| 105|0x0000000708300000, 0x0000000708300000, 0x0000000708400000|  0%| F|  |TAMS 0x0000000708300000, 0x0000000708300000| Untracked 
| 106|0x0000000708400000, 0x0000000708400000, 0x0000000708500000|  0%| F|  |TAMS 0x0000000708400000, 0x0000000708400000| Untracked 
| 107|0x0000000708500000, 0x0000000708500000, 0x0000000708600000|  0%| F|  |TAMS 0x0000000708500000, 0x0000000708500000| Untracked 
| 108|0x0000000708600000, 0x0000000708600000, 0x0000000708700000|  0%| F|  |TAMS 0x0000000708600000, 0x0000000708600000| Untracked 
| 109|0x0000000708700000, 0x0000000708700000, 0x0000000708800000|  0%| F|  |TAMS 0x0000000708700000, 0x0000000708700000| Untracked 
| 110|0x0000000708800000, 0x0000000708800000, 0x0000000708900000|  0%| F|  |TAMS 0x0000000708800000, 0x0000000708800000| Untracked 
| 111|0x0000000708900000, 0x0000000708900000, 0x0000000708a00000|  0%| F|  |TAMS 0x0000000708900000, 0x0000000708900000| Untracked 
| 112|0x0000000708a00000, 0x0000000708a00000, 0x0000000708b00000|  0%| F|  |TAMS 0x0000000708a00000, 0x0000000708a00000| Untracked 
| 113|0x0000000708b00000, 0x0000000708b00000, 0x0000000708c00000|  0%| F|  |TAMS 0x0000000708b00000, 0x0000000708b00000| Untracked 
| 114|0x0000000708c00000, 0x0000000708c00000, 0x0000000708d00000|  0%| F|  |TAMS 0x0000000708c00000, 0x0000000708c00000| Untracked 
| 115|0x0000000708d00000, 0x0000000708d00000, 0x0000000708e00000|  0%| F|  |TAMS 0x0000000708d00000, 0x0000000708d00000| Untracked 
| 116|0x0000000708e00000, 0x0000000708e00000, 0x0000000708f00000|  0%| F|  |TAMS 0x0000000708e00000, 0x0000000708e00000| Untracked 
| 117|0x0000000708f00000, 0x0000000708f00000, 0x0000000709000000|  0%| F|  |TAMS 0x0000000708f00000, 0x0000000708f00000| Untracked 
| 118|0x0000000709000000, 0x0000000709000000, 0x0000000709100000|  0%| F|  |TAMS 0x0000000709000000, 0x0000000709000000| Untracked 
| 119|0x0000000709100000, 0x0000000709100000, 0x0000000709200000|  0%| F|  |TAMS 0x0000000709100000, 0x0000000709100000| Untracked 
| 120|0x0000000709200000, 0x0000000709200000, 0x0000000709300000|  0%| F|  |TAMS 0x0000000709200000, 0x0000000709200000| Untracked 
| 121|0x0000000709300000, 0x0000000709300000, 0x0000000709400000|  0%| F|  |TAMS 0x0000000709300000, 0x0000000709300000| Untracked 
| 122|0x0000000709400000, 0x0000000709400000, 0x0000000709500000|  0%| F|  |TAMS 0x0000000709400000, 0x0000000709400000| Untracked 
| 123|0x0000000709500000, 0x0000000709500000, 0x0000000709600000|  0%| F|  |TAMS 0x0000000709500000, 0x0000000709500000| Untracked 
| 124|0x0000000709600000, 0x0000000709600000, 0x0000000709700000|  0%| F|  |TAMS 0x0000000709600000, 0x0000000709600000| Untracked 
| 125|0x0000000709700000, 0x0000000709700000, 0x0000000709800000|  0%| F|  |TAMS 0x0000000709700000, 0x0000000709700000| Untracked 
| 126|0x0000000709800000, 0x0000000709800000, 0x0000000709900000|  0%| F|  |TAMS 0x0000000709800000, 0x0000000709800000| Untracked 
| 127|0x0000000709900000, 0x0000000709900000, 0x0000000709a00000|  0%| F|  |TAMS 0x0000000709900000, 0x0000000709900000| Untracked 
| 128|0x0000000709a00000, 0x0000000709a00000, 0x0000000709b00000|  0%| F|  |TAMS 0x0000000709a00000, 0x0000000709a00000| Untracked 
| 129|0x0000000709b00000, 0x0000000709b00000, 0x0000000709c00000|  0%| F|  |TAMS 0x0000000709b00000, 0x0000000709b00000| Untracked 
| 130|0x0000000709c00000, 0x0000000709c00000, 0x0000000709d00000|  0%| F|  |TAMS 0x0000000709c00000, 0x0000000709c00000| Untracked 
| 131|0x0000000709d00000, 0x0000000709d00000, 0x0000000709e00000|  0%| F|  |TAMS 0x0000000709d00000, 0x0000000709d00000| Untracked 
| 132|0x0000000709e00000, 0x0000000709e00000, 0x0000000709f00000|  0%| F|  |TAMS 0x0000000709e00000, 0x0000000709e00000| Untracked 
| 133|0x0000000709f00000, 0x0000000709f00000, 0x000000070a000000|  0%| F|  |TAMS 0x0000000709f00000, 0x0000000709f00000| Untracked 
| 134|0x000000070a000000, 0x000000070a000000, 0x000000070a100000|  0%| F|  |TAMS 0x000000070a000000, 0x000000070a000000| Untracked 
| 135|0x000000070a100000, 0x000000070a100000, 0x000000070a200000|  0%| F|  |TAMS 0x000000070a100000, 0x000000070a100000| Untracked 
| 136|0x000000070a200000, 0x000000070a200000, 0x000000070a300000|  0%| F|  |TAMS 0x000000070a200000, 0x000000070a200000| Untracked 
| 137|0x000000070a300000, 0x000000070a300000, 0x000000070a400000|  0%| F|  |TAMS 0x000000070a300000, 0x000000070a300000| Untracked 
| 138|0x000000070a400000, 0x000000070a400000, 0x000000070a500000|  0%| F|  |TAMS 0x000000070a400000, 0x000000070a400000| Untracked 
| 139|0x000000070a500000, 0x000000070a500000, 0x000000070a600000|  0%| F|  |TAMS 0x000000070a500000, 0x000000070a500000| Untracked 
| 140|0x000000070a600000, 0x000000070a600000, 0x000000070a700000|  0%| F|  |TAMS 0x000000070a600000, 0x000000070a600000| Untracked 
| 141|0x000000070a700000, 0x000000070a700000, 0x000000070a800000|  0%| F|  |TAMS 0x000000070a700000, 0x000000070a700000| Untracked 
| 142|0x000000070a800000, 0x000000070a800000, 0x000000070a900000|  0%| F|  |TAMS 0x000000070a800000, 0x000000070a800000| Untracked 
| 143|0x000000070a900000, 0x000000070a900000, 0x000000070aa00000|  0%| F|  |TAMS 0x000000070a900000, 0x000000070a900000| Untracked 
| 144|0x000000070aa00000, 0x000000070aa00000, 0x000000070ab00000|  0%| F|  |TAMS 0x000000070aa00000, 0x000000070aa00000| Untracked 
| 145|0x000000070ab00000, 0x000000070ab00000, 0x000000070ac00000|  0%| F|  |TAMS 0x000000070ab00000, 0x000000070ab00000| Untracked 
| 146|0x000000070ac00000, 0x000000070ac00000, 0x000000070ad00000|  0%| F|  |TAMS 0x000000070ac00000, 0x000000070ac00000| Untracked 
| 147|0x000000070ad00000, 0x000000070ad00000, 0x000000070ae00000|  0%| F|  |TAMS 0x000000070ad00000, 0x000000070ad00000| Untracked 
| 148|0x000000070ae00000, 0x000000070ae00000, 0x000000070af00000|  0%| F|  |TAMS 0x000000070ae00000, 0x000000070ae00000| Untracked 
| 149|0x000000070af00000, 0x000000070af00000, 0x000000070b000000|  0%| F|  |TAMS 0x000000070af00000, 0x000000070af00000| Untracked 
| 150|0x000000070b000000, 0x000000070b000000, 0x000000070b100000|  0%| F|  |TAMS 0x000000070b000000, 0x000000070b000000| Untracked 
| 151|0x000000070b100000, 0x000000070b100000, 0x000000070b200000|  0%| F|  |TAMS 0x000000070b100000, 0x000000070b100000| Untracked 
| 152|0x000000070b200000, 0x000000070b200000, 0x000000070b300000|  0%| F|  |TAMS 0x000000070b200000, 0x000000070b200000| Untracked 
| 153|0x000000070b300000, 0x000000070b300000, 0x000000070b400000|  0%| F|  |TAMS 0x000000070b300000, 0x000000070b300000| Untracked 
| 154|0x000000070b400000, 0x000000070b400000, 0x000000070b500000|  0%| F|  |TAMS 0x000000070b400000, 0x000000070b400000| Untracked 
| 155|0x000000070b500000, 0x000000070b500000, 0x000000070b600000|  0%| F|  |TAMS 0x000000070b500000, 0x000000070b500000| Untracked 
| 156|0x000000070b600000, 0x000000070b600000, 0x000000070b700000|  0%| F|  |TAMS 0x000000070b600000, 0x000000070b600000| Untracked 
| 157|0x000000070b700000, 0x000000070b700000, 0x000000070b800000|  0%| F|  |TAMS 0x000000070b700000, 0x000000070b700000| Untracked 
| 158|0x000000070b800000, 0x000000070b800000, 0x000000070b900000|  0%| F|  |TAMS 0x000000070b800000, 0x000000070b800000| Untracked 
| 159|0x000000070b900000, 0x000000070b900000, 0x000000070ba00000|  0%| F|  |TAMS 0x000000070b900000, 0x000000070b900000| Untracked 
| 160|0x000000070ba00000, 0x000000070ba00000, 0x000000070bb00000|  0%| F|  |TAMS 0x000000070ba00000, 0x000000070ba00000| Untracked 
| 161|0x000000070bb00000, 0x000000070bb00000, 0x000000070bc00000|  0%| F|  |TAMS 0x000000070bb00000, 0x000000070bb00000| Untracked 
| 162|0x000000070bc00000, 0x000000070bc00000, 0x000000070bd00000|  0%| F|  |TAMS 0x000000070bc00000, 0x000000070bc00000| Untracked 
| 163|0x000000070bd00000, 0x000000070bd00000, 0x000000070be00000|  0%| F|  |TAMS 0x000000070bd00000, 0x000000070bd00000| Untracked 
| 164|0x000000070be00000, 0x000000070be00000, 0x000000070bf00000|  0%| F|  |TAMS 0x000000070be00000, 0x000000070be00000| Untracked 
| 165|0x000000070bf00000, 0x000000070bf00000, 0x000000070c000000|  0%| F|  |TAMS 0x000000070bf00000, 0x000000070bf00000| Untracked 
| 166|0x000000070c000000, 0x000000070c000000, 0x000000070c100000|  0%| F|  |TAMS 0x000000070c000000, 0x000000070c000000| Untracked 
| 167|0x000000070c100000, 0x000000070c100000, 0x000000070c200000|  0%| F|  |TAMS 0x000000070c100000, 0x000000070c100000| Untracked 
| 168|0x000000070c200000, 0x000000070c200000, 0x000000070c300000|  0%| F|  |TAMS 0x000000070c200000, 0x000000070c200000| Untracked 
| 169|0x000000070c300000, 0x000000070c300000, 0x000000070c400000|  0%| F|  |TAMS 0x000000070c300000, 0x000000070c300000| Untracked 
| 170|0x000000070c400000, 0x000000070c400000, 0x000000070c500000|  0%| F|  |TAMS 0x000000070c400000, 0x000000070c400000| Untracked 
| 171|0x000000070c500000, 0x000000070c500000, 0x000000070c600000|  0%| F|  |TAMS 0x000000070c500000, 0x000000070c500000| Untracked 
| 172|0x000000070c600000, 0x000000070c600000, 0x000000070c700000|  0%| F|  |TAMS 0x000000070c600000, 0x000000070c600000| Untracked 
| 173|0x000000070c700000, 0x000000070c700000, 0x000000070c800000|  0%| F|  |TAMS 0x000000070c700000, 0x000000070c700000| Untracked 
| 174|0x000000070c800000, 0x000000070c800000, 0x000000070c900000|  0%| F|  |TAMS 0x000000070c800000, 0x000000070c800000| Untracked 
| 175|0x000000070c900000, 0x000000070c900000, 0x000000070ca00000|  0%| F|  |TAMS 0x000000070c900000, 0x000000070c900000| Untracked 
| 176|0x000000070ca00000, 0x000000070ca00000, 0x000000070cb00000|  0%| F|  |TAMS 0x000000070ca00000, 0x000000070ca00000| Untracked 
| 177|0x000000070cb00000, 0x000000070cb00000, 0x000000070cc00000|  0%| F|  |TAMS 0x000000070cb00000, 0x000000070cb00000| Untracked 
| 178|0x000000070cc00000, 0x000000070cc00000, 0x000000070cd00000|  0%| F|  |TAMS 0x000000070cc00000, 0x000000070cc00000| Untracked 
| 179|0x000000070cd00000, 0x000000070cd00000, 0x000000070ce00000|  0%| F|  |TAMS 0x000000070cd00000, 0x000000070cd00000| Untracked 
| 180|0x000000070ce00000, 0x000000070ce00000, 0x000000070cf00000|  0%| F|  |TAMS 0x000000070ce00000, 0x000000070ce00000| Untracked 
| 181|0x000000070cf00000, 0x000000070cf00000, 0x000000070d000000|  0%| F|  |TAMS 0x000000070cf00000, 0x000000070cf00000| Untracked 
| 182|0x000000070d000000, 0x000000070d000000, 0x000000070d100000|  0%| F|  |TAMS 0x000000070d000000, 0x000000070d000000| Untracked 
| 183|0x000000070d100000, 0x000000070d100000, 0x000000070d200000|  0%| F|  |TAMS 0x000000070d100000, 0x000000070d100000| Untracked 
| 184|0x000000070d200000, 0x000000070d200000, 0x000000070d300000|  0%| F|  |TAMS 0x000000070d200000, 0x000000070d200000| Untracked 
| 185|0x000000070d300000, 0x000000070d300000, 0x000000070d400000|  0%| F|  |TAMS 0x000000070d300000, 0x000000070d300000| Untracked 
| 186|0x000000070d400000, 0x000000070d400000, 0x000000070d500000|  0%| F|  |TAMS 0x000000070d400000, 0x000000070d400000| Untracked 
| 187|0x000000070d500000, 0x000000070d500000, 0x000000070d600000|  0%| F|  |TAMS 0x000000070d500000, 0x000000070d500000| Untracked 
| 188|0x000000070d600000, 0x000000070d600000, 0x000000070d700000|  0%| F|  |TAMS 0x000000070d600000, 0x000000070d600000| Untracked 
| 189|0x000000070d700000, 0x000000070d700000, 0x000000070d800000|  0%| F|  |TAMS 0x000000070d700000, 0x000000070d700000| Untracked 
| 190|0x000000070d800000, 0x000000070d800000, 0x000000070d900000|  0%| F|  |TAMS 0x000000070d800000, 0x000000070d800000| Untracked 
| 191|0x000000070d900000, 0x000000070d900000, 0x000000070da00000|  0%| F|  |TAMS 0x000000070d900000, 0x000000070d900000| Untracked 
| 192|0x000000070da00000, 0x000000070da00000, 0x000000070db00000|  0%| F|  |TAMS 0x000000070da00000, 0x000000070da00000| Untracked 
| 193|0x000000070db00000, 0x000000070db00000, 0x000000070dc00000|  0%| F|  |TAMS 0x000000070db00000, 0x000000070db00000| Untracked 
| 194|0x000000070dc00000, 0x000000070dc00000, 0x000000070dd00000|  0%| F|  |TAMS 0x000000070dc00000, 0x000000070dc00000| Untracked 
| 195|0x000000070dd00000, 0x000000070dd00000, 0x000000070de00000|  0%| F|  |TAMS 0x000000070dd00000, 0x000000070dd00000| Untracked 
| 196|0x000000070de00000, 0x000000070de00000, 0x000000070df00000|  0%| F|  |TAMS 0x000000070de00000, 0x000000070de00000| Untracked 
| 197|0x000000070df00000, 0x000000070df00000, 0x000000070e000000|  0%| F|  |TAMS 0x000000070df00000, 0x000000070df00000| Untracked 
| 198|0x000000070e000000, 0x000000070e000000, 0x000000070e100000|  0%| F|  |TAMS 0x000000070e000000, 0x000000070e000000| Untracked 
| 199|0x000000070e100000, 0x000000070e100000, 0x000000070e200000|  0%| F|  |TAMS 0x000000070e100000, 0x000000070e100000| Untracked 
| 200|0x000000070e200000, 0x000000070e200000, 0x000000070e300000|  0%| F|  |TAMS 0x000000070e200000, 0x000000070e200000| Untracked 
| 201|0x000000070e300000, 0x000000070e300000, 0x000000070e400000|  0%| F|  |TAMS 0x000000070e300000, 0x000000070e300000| Untracked 
| 202|0x000000070e400000, 0x000000070e400000, 0x000000070e500000|  0%| F|  |TAMS 0x000000070e400000, 0x000000070e400000| Untracked 
| 203|0x000000070e500000, 0x000000070e500000, 0x000000070e600000|  0%| F|  |TAMS 0x000000070e500000, 0x000000070e500000| Untracked 
| 204|0x000000070e600000, 0x000000070e600000, 0x000000070e700000|  0%| F|  |TAMS 0x000000070e600000, 0x000000070e600000| Untracked 
| 205|0x000000070e700000, 0x000000070e700000, 0x000000070e800000|  0%| F|  |TAMS 0x000000070e700000, 0x000000070e700000| Untracked 
| 206|0x000000070e800000, 0x000000070e800000, 0x000000070e900000|  0%| F|  |TAMS 0x000000070e800000, 0x000000070e800000| Untracked 
| 207|0x000000070e900000, 0x000000070e900000, 0x000000070ea00000|  0%| F|  |TAMS 0x000000070e900000, 0x000000070e900000| Untracked 
| 208|0x000000070ea00000, 0x000000070ea00000, 0x000000070eb00000|  0%| F|  |TAMS 0x000000070ea00000, 0x000000070ea00000| Untracked 
| 209|0x000000070eb00000, 0x000000070eb00000, 0x000000070ec00000|  0%| F|  |TAMS 0x000000070eb00000, 0x000000070eb00000| Untracked 
| 210|0x000000070ec00000, 0x000000070ec00000, 0x000000070ed00000|  0%| F|  |TAMS 0x000000070ec00000, 0x000000070ec00000| Untracked 
| 211|0x000000070ed00000, 0x000000070ed00000, 0x000000070ee00000|  0%| F|  |TAMS 0x000000070ed00000, 0x000000070ed00000| Untracked 
| 212|0x000000070ee00000, 0x000000070ee00000, 0x000000070ef00000|  0%| F|  |TAMS 0x000000070ee00000, 0x000000070ee00000| Untracked 
| 213|0x000000070ef00000, 0x000000070ef00000, 0x000000070f000000|  0%| F|  |TAMS 0x000000070ef00000, 0x000000070ef00000| Untracked 
| 214|0x000000070f000000, 0x000000070f000000, 0x000000070f100000|  0%| F|  |TAMS 0x000000070f000000, 0x000000070f000000| Untracked 
| 215|0x000000070f100000, 0x000000070f100000, 0x000000070f200000|  0%| F|  |TAMS 0x000000070f100000, 0x000000070f100000| Untracked 
| 216|0x000000070f200000, 0x000000070f200000, 0x000000070f300000|  0%| F|  |TAMS 0x000000070f200000, 0x000000070f200000| Untracked 
| 217|0x000000070f300000, 0x000000070f300000, 0x000000070f400000|  0%| F|  |TAMS 0x000000070f300000, 0x000000070f300000| Untracked 
| 218|0x000000070f400000, 0x000000070f400000, 0x000000070f500000|  0%| F|  |TAMS 0x000000070f400000, 0x000000070f400000| Untracked 
| 219|0x000000070f500000, 0x000000070f500000, 0x000000070f600000|  0%| F|  |TAMS 0x000000070f500000, 0x000000070f500000| Untracked 
| 220|0x000000070f600000, 0x000000070f600000, 0x000000070f700000|  0%| F|  |TAMS 0x000000070f600000, 0x000000070f600000| Untracked 
| 221|0x000000070f700000, 0x000000070f700000, 0x000000070f800000|  0%| F|  |TAMS 0x000000070f700000, 0x000000070f700000| Untracked 
| 222|0x000000070f800000, 0x000000070f800000, 0x000000070f900000|  0%| F|  |TAMS 0x000000070f800000, 0x000000070f800000| Untracked 
| 223|0x000000070f900000, 0x000000070f900000, 0x000000070fa00000|  0%| F|  |TAMS 0x000000070f900000, 0x000000070f900000| Untracked 
| 224|0x000000070fa00000, 0x000000070fa00000, 0x000000070fb00000|  0%| F|  |TAMS 0x000000070fa00000, 0x000000070fa00000| Untracked 
| 225|0x000000070fb00000, 0x000000070fb00000, 0x000000070fc00000|  0%| F|  |TAMS 0x000000070fb00000, 0x000000070fb00000| Untracked 
| 226|0x000000070fc00000, 0x000000070fc00000, 0x000000070fd00000|  0%| F|  |TAMS 0x000000070fc00000, 0x000000070fc00000| Untracked 
| 227|0x000000070fd00000, 0x000000070fd00000, 0x000000070fe00000|  0%| F|  |TAMS 0x000000070fd00000, 0x000000070fd00000| Untracked 
| 228|0x000000070fe00000, 0x000000070fe00000, 0x000000070ff00000|  0%| F|  |TAMS 0x000000070fe00000, 0x000000070fe00000| Untracked 
| 229|0x000000070ff00000, 0x000000070ff00000, 0x0000000710000000|  0%| F|  |TAMS 0x000000070ff00000, 0x000000070ff00000| Untracked 
| 230|0x0000000710000000, 0x0000000710000000, 0x0000000710100000|  0%| F|  |TAMS 0x0000000710000000, 0x0000000710000000| Untracked 
| 231|0x0000000710100000, 0x0000000710100000, 0x0000000710200000|  0%| F|  |TAMS 0x0000000710100000, 0x0000000710100000| Untracked 
| 232|0x0000000710200000, 0x0000000710200000, 0x0000000710300000|  0%| F|  |TAMS 0x0000000710200000, 0x0000000710200000| Untracked 
| 233|0x0000000710300000, 0x0000000710300000, 0x0000000710400000|  0%| F|  |TAMS 0x0000000710300000, 0x0000000710300000| Untracked 
| 234|0x0000000710400000, 0x0000000710400000, 0x0000000710500000|  0%| F|  |TAMS 0x0000000710400000, 0x0000000710400000| Untracked 
| 235|0x0000000710500000, 0x0000000710500000, 0x0000000710600000|  0%| F|  |TAMS 0x0000000710500000, 0x0000000710500000| Untracked 
| 236|0x0000000710600000, 0x0000000710600000, 0x0000000710700000|  0%| F|  |TAMS 0x0000000710600000, 0x0000000710600000| Untracked 
| 237|0x0000000710700000, 0x0000000710700000, 0x0000000710800000|  0%| F|  |TAMS 0x0000000710700000, 0x0000000710700000| Untracked 
| 238|0x0000000710800000, 0x0000000710800000, 0x0000000710900000|  0%| F|  |TAMS 0x0000000710800000, 0x0000000710800000| Untracked 
| 239|0x0000000710900000, 0x0000000710900000, 0x0000000710a00000|  0%| F|  |TAMS 0x0000000710900000, 0x0000000710900000| Untracked 
| 240|0x0000000710a00000, 0x0000000710a00000, 0x0000000710b00000|  0%| F|  |TAMS 0x0000000710a00000, 0x0000000710a00000| Untracked 
| 241|0x0000000710b00000, 0x0000000710b00000, 0x0000000710c00000|  0%| F|  |TAMS 0x0000000710b00000, 0x0000000710b00000| Untracked 
| 242|0x0000000710c00000, 0x0000000710c00000, 0x0000000710d00000|  0%| F|  |TAMS 0x0000000710c00000, 0x0000000710c00000| Untracked 
| 243|0x0000000710d00000, 0x0000000710d00000, 0x0000000710e00000|  0%| F|  |TAMS 0x0000000710d00000, 0x0000000710d00000| Untracked 
| 244|0x0000000710e00000, 0x0000000710ef2438, 0x0000000710f00000| 94%| S|CS|TAMS 0x0000000710e00000, 0x0000000710e00000| Complete 
| 245|0x0000000710f00000, 0x0000000711000000, 0x0000000711000000|100%| S|CS|TAMS 0x0000000710f00000, 0x0000000710f00000| Complete 
| 246|0x0000000711000000, 0x0000000711000000, 0x0000000711100000|  0%| F|  |TAMS 0x0000000711000000, 0x0000000711000000| Untracked 
| 247|0x0000000711100000, 0x0000000711100000, 0x0000000711200000|  0%| F|  |TAMS 0x0000000711100000, 0x0000000711100000| Untracked 
| 248|0x0000000711200000, 0x0000000711200000, 0x0000000711300000|  0%| F|  |TAMS 0x0000000711200000, 0x0000000711200000| Untracked 
| 249|0x0000000711300000, 0x0000000711300000, 0x0000000711400000|  0%| F|  |TAMS 0x0000000711300000, 0x0000000711300000| Untracked 
| 250|0x0000000711400000, 0x0000000711500000, 0x0000000711500000|100%| E|  |TAMS 0x0000000711400000, 0x0000000711400000| Complete 
| 251|0x0000000711500000, 0x0000000711600000, 0x0000000711600000|100%| E|CS|TAMS 0x0000000711500000, 0x0000000711500000| Complete 
| 252|0x0000000711600000, 0x0000000711700000, 0x0000000711700000|100%| E|CS|TAMS 0x0000000711600000, 0x0000000711600000| Complete 
| 253|0x0000000711700000, 0x0000000711800000, 0x0000000711800000|100%| E|CS|TAMS 0x0000000711700000, 0x0000000711700000| Complete 
| 254|0x0000000711800000, 0x0000000711900000, 0x0000000711900000|100%| E|CS|TAMS 0x0000000711800000, 0x0000000711800000| Complete 
| 255|0x0000000711900000, 0x0000000711a00000, 0x0000000711a00000|100%| E|CS|TAMS 0x0000000711900000, 0x0000000711900000| Complete 

Card table byte_map: [0x000001c1edfb0000,0x000001c1ee7b0000] _byte_map_base: 0x000001c1ea7a3000

Marking Bits (Prev, Next): (CMBitMap*) 0x000001c1d5db1190, (CMBitMap*) 0x000001c1d5db1158
 Prev Bits: [0x000001c1f2f50000, 0x000001c1f6ee8000)
 Next Bits: [0x000001c1eefb0000, 0x000001c1f2f48000)

Polling page: 0x000001c1d3d40000

Metaspace:

Usage:
  Non-class:     19.48 MB capacity,    19.29 MB (>99%) used,   159.32 KB ( <1%) free+waste,    34.56 KB ( <1%) overhead. 
      Class:      2.22 MB capacity,     2.12 MB ( 95%) used,    93.53 KB (  4%) free+waste,    14.81 KB ( <1%) overhead. 
       Both:     21.71 MB capacity,    21.41 MB ( 99%) used,   252.85 KB (  1%) free+waste,    49.38 KB ( <1%) overhead. 

Virtual space:
  Non-class space:       20.00 MB reserved,      19.67 MB ( 98%) committed 
      Class space:        1.00 GB reserved,       2.38 MB ( <1%) committed 
             Both:        1.02 GB reserved,      22.05 MB (  2%) committed 

Chunk freelists:
   Non-Class:  17.00 KB
       Class:  29.00 KB
        Both:  46.00 KB

MaxMetaspaceSize: 17179869184.00 GB
CompressedClassSpaceSize: 1.00 GB
Initial GC threshold: 20.80 MB
Current GC threshold: 35.08 MB
CDS: off

CodeHeap 'non-profiled nmethods': size=120000Kb used=593Kb max_used=593Kb free=119406Kb
 bounds [0x000001c1e5f50000, 0x000001c1e61c0000, 0x000001c1ed480000]
CodeHeap 'profiled nmethods': size=120000Kb used=3909Kb max_used=3909Kb free=116090Kb
 bounds [0x000001c1dea20000, 0x000001c1dee00000, 0x000001c1e5f50000]
CodeHeap 'non-nmethods': size=5760Kb used=1199Kb max_used=1217Kb free=4560Kb
 bounds [0x000001c1de480000, 0x000001c1de6f0000, 0x000001c1dea20000]
 total_blobs=2349 nmethods=1879 adapters=383
 compilation: enabled
              stopped_count=0, restarted_count=0
 full_count=0

Compilation events (20 events):
Event: 2.738 Thread 0x000001c1fa380800 1826       3       java.io.DataInputStream::readByte (23 bytes)
Event: 2.738 Thread 0x000001c1fa380800 nmethod 1826 0x000001c1dedc8510 code [0x000001c1dedc86e0, 0x000001c1dedc89b8]
Event: 2.738 Thread 0x000001c1fa380800 1827       3       java.util.zip.Checksum::update (11 bytes)
Event: 2.738 Thread 0x000001c1fa380800 nmethod 1827 0x000001c1dedc8a90 code [0x000001c1dedc8c40, 0x000001c1dedc8e08]
Event: 2.738 Thread 0x000001c1fa380800 1828       3       java.util.zip.CRC32::update (51 bytes)
Event: 2.739 Thread 0x000001c1fa380800 nmethod 1828 0x000001c1dedc8f10 code [0x000001c1dedc9100, 0x000001c1dedc9588]
Event: 2.739 Thread 0x000001c1fa380800 1829       3       java.util.zip.CRC32::updateBytes (14 bytes)
Event: 2.739 Thread 0x000001c1fa380800 nmethod 1829 0x000001c1dedc9790 code [0x000001c1dedc9940, 0x000001c1dedc9aa8]
Event: 2.739 Thread 0x000001c1fa380800 1830       3       java.util.zip.CRC32::updateBytesCheck (55 bytes)
Event: 2.739 Thread 0x000001c1fa380800 nmethod 1830 0x000001c1dedc9b90 code [0x000001c1dedc9da0, 0x000001c1dedca2e8]
Event: 2.741 Thread 0x000001c1fa37f000 nmethod 1823 0x000001c1e5fe1110 code [0x000001c1e5fe12a0, 0x000001c1e5fe1598]
Event: 2.741 Thread 0x000001c1fa37f000 1818 %     4       com.sun.crypto.provider.GHASH::blockMult @ 23 (245 bytes)
Event: 2.742 Thread 0x000001c1fa380800 1832       3       jdk.internal.reflect.NativeConstructorAccessorImpl::newInstance (89 bytes)
Event: 2.743 Thread 0x000001c1fa380800 nmethod 1832 0x000001c1dedca510 code [0x000001c1dedca7c0, 0x000001c1dedcb6d8]
Event: 2.743 Thread 0x000001c1fa380800 1835       3       java.lang.invoke.MethodHandle::<init> (37 bytes)
Event: 2.744 Thread 0x000001c1fa380800 nmethod 1835 0x000001c1dedcbb90 code [0x000001c1dedcbda0, 0x000001c1dedcc2f8]
Event: 2.744 Thread 0x000001c1fa380800 1834       3       java.lang.invoke.TypeConvertingMethodAdapter::descriptorToName (36 bytes)
Event: 2.744 Thread 0x000001c1fa380800 nmethod 1834 0x000001c1dedcc590 code [0x000001c1dedcc820, 0x000001c1dedcd3a8]
Event: 2.745 Thread 0x000001c1fa380800 1836       3       jdk.internal.reflect.ConstructorAccessorImpl::<init> (5 bytes)
Event: 2.745 Thread 0x000001c1fa380800 nmethod 1836 0x000001c1dedcd810 code [0x000001c1dedcd9c0, 0x000001c1dedcdb78]

GC Heap History (4 events):
Event: 1.321 GC heap before
{Heap before GC invocations=0 (full 0):
 garbage-first heap   total 262144K, used 24576K [0x0000000701a00000, 0x0000000800000000)
  region size 1024K, 24 young (24576K), 0 survivors (0K)
 Metaspace       used 16396K, capacity 16648K, committed 16768K, reserved 1064960K
  class space    used 1545K, capacity 1659K, committed 1664K, reserved 1048576K
}
Event: 1.328 GC heap after
{Heap after GC invocations=1 (full 0):
 garbage-first heap   total 262144K, used 4351K [0x0000000701a00000, 0x0000000800000000)
  region size 1024K, 3 young (3072K), 3 survivors (3072K)
 Metaspace       used 16396K, capacity 16648K, committed 16768K, reserved 1064960K
  class space    used 1545K, capacity 1659K, committed 1664K, reserved 1048576K
}
Event: 2.364 GC heap before
{Heap before GC invocations=1 (full 0):
 garbage-first heap   total 262144K, used 13567K [0x0000000701a00000, 0x0000000800000000)
  region size 1024K, 13 young (13312K), 3 survivors (3072K)
 Metaspace       used 20929K, capacity 21212K, committed 21296K, reserved 1069056K
  class space    used 2047K, capacity 2172K, committed 2176K, reserved 1048576K
}
Event: 2.370 GC heap after
{Heap after GC invocations=2 (full 0):
 garbage-first heap   total 262144K, used 6444K [0x0000000701a00000, 0x0000000800000000)
  region size 1024K, 2 young (2048K), 2 survivors (2048K)
 Metaspace       used 20929K, capacity 21212K, committed 21296K, reserved 1069056K
  class space    used 2047K, capacity 2172K, committed 2176K, reserved 1048576K
}

Deoptimization events (20 events):
Event: 2.356 Thread 0x000001c1d5d46000 DEOPT PACKING pc=0x000001c1dedaf97d sp=0x00000085e20fd2f0
Event: 2.356 Thread 0x000001c1d5d46000 DEOPT UNPACKING pc=0x000001c1de4ca95e sp=0x00000085e20fc748 mode 0
Event: 2.356 Thread 0x000001c1d5d46000 DEOPT PACKING pc=0x000001c1dedaf97d sp=0x00000085e20fd260
Event: 2.356 Thread 0x000001c1d5d46000 DEOPT UNPACKING pc=0x000001c1de4ca95e sp=0x00000085e20fc6b8 mode 0
Event: 2.356 Thread 0x000001c1d5d46000 DEOPT PACKING pc=0x000001c1dedaf97d sp=0x00000085e20fd2f0
Event: 2.356 Thread 0x000001c1d5d46000 DEOPT UNPACKING pc=0x000001c1de4ca95e sp=0x00000085e20fc748 mode 0
Event: 2.356 Thread 0x000001c1d5d46000 DEOPT PACKING pc=0x000001c1dedaf97d sp=0x00000085e20fd2f0
Event: 2.356 Thread 0x000001c1d5d46000 DEOPT UNPACKING pc=0x000001c1de4ca95e sp=0x00000085e20fc748 mode 0
Event: 2.356 Thread 0x000001c1d5d46000 DEOPT PACKING pc=0x000001c1dedaf97d sp=0x00000085e20fd2f0
Event: 2.356 Thread 0x000001c1d5d46000 DEOPT UNPACKING pc=0x000001c1de4ca95e sp=0x00000085e20fc748 mode 0
Event: 2.356 Thread 0x000001c1d5d46000 DEOPT PACKING pc=0x000001c1dedaf97d sp=0x00000085e20fd2f0
Event: 2.356 Thread 0x000001c1d5d46000 DEOPT UNPACKING pc=0x000001c1de4ca95e sp=0x00000085e20fc748 mode 0
Event: 2.356 Thread 0x000001c1d5d46000 DEOPT PACKING pc=0x000001c1dedaf97d sp=0x00000085e20fd260
Event: 2.356 Thread 0x000001c1d5d46000 DEOPT UNPACKING pc=0x000001c1de4ca95e sp=0x00000085e20fc6b8 mode 0
Event: 2.357 Thread 0x000001c1d5d46000 DEOPT PACKING pc=0x000001c1dedaf97d sp=0x00000085e20fd2e0
Event: 2.357 Thread 0x000001c1d5d46000 DEOPT UNPACKING pc=0x000001c1de4ca95e sp=0x00000085e20fc738 mode 0
Event: 2.727 Thread 0x000001c1d5d46000 DEOPT PACKING pc=0x000001c1ded85f8e sp=0x00000085e20fd800
Event: 2.727 Thread 0x000001c1d5d46000 DEOPT UNPACKING pc=0x000001c1de4ca95e sp=0x00000085e20fcc30 mode 0
Event: 2.729 Thread 0x000001c1d5d46000 DEOPT PACKING pc=0x000001c1ded85f8e sp=0x00000085e20fd8b0
Event: 2.729 Thread 0x000001c1d5d46000 DEOPT UNPACKING pc=0x000001c1de4ca95e sp=0x00000085e20fcce0 mode 0

Classes redefined (0 events):
No events

Internal exceptions (20 events):
Event: 1.077 Thread 0x000001c1d5d46000 Exception <a 'sun/nio/fs/WindowsException'{0x0000000710536fd8}> (0x0000000710536fd8) thrown at [./src/hotspot/share/prims/jni.cpp, line 616]
Event: 1.084 Thread 0x000001c1d5d46000 Exception <a 'sun/nio/fs/WindowsException'{0x0000000710572ae8}> (0x0000000710572ae8) thrown at [./src/hotspot/share/prims/jni.cpp, line 616]
Event: 1.086 Thread 0x000001c1d5d46000 Exception <a 'sun/nio/fs/WindowsException'{0x000000071057c638}> (0x000000071057c638) thrown at [./src/hotspot/share/prims/jni.cpp, line 616]
Event: 1.086 Thread 0x000001c1d5d46000 Exception <a 'sun/nio/fs/WindowsException'{0x000000071057ca58}> (0x000000071057ca58) thrown at [./src/hotspot/share/prims/jni.cpp, line 616]
Event: 1.091 Thread 0x000001c1d5d46000 Exception <a 'sun/nio/fs/WindowsException'{0x00000007105b7ab0}> (0x00000007105b7ab0) thrown at [./src/hotspot/share/prims/jni.cpp, line 616]
Event: 1.093 Thread 0x000001c1d5d46000 Exception <a 'sun/nio/fs/WindowsException'{0x00000007105c1370}> (0x00000007105c1370) thrown at [./src/hotspot/share/prims/jni.cpp, line 616]
Event: 1.093 Thread 0x000001c1d5d46000 Exception <a 'sun/nio/fs/WindowsException'{0x00000007105c1730}> (0x00000007105c1730) thrown at [./src/hotspot/share/prims/jni.cpp, line 616]
Event: 1.094 Thread 0x000001c1d5d46000 Exception <a 'sun/nio/fs/WindowsException'{0x00000007105c65d8}> (0x00000007105c65d8) thrown at [./src/hotspot/share/prims/jni.cpp, line 616]
Event: 1.095 Thread 0x000001c1d5d46000 Exception <a 'sun/nio/fs/WindowsException'{0x00000007105cdf30}> (0x00000007105cdf30) thrown at [./src/hotspot/share/prims/jni.cpp, line 616]
Event: 1.096 Thread 0x000001c1d5d46000 Exception <a 'sun/nio/fs/WindowsException'{0x00000007105ce2e0}> (0x00000007105ce2e0) thrown at [./src/hotspot/share/prims/jni.cpp, line 616]
Event: 1.096 Thread 0x000001c1d5d46000 Exception <a 'sun/nio/fs/WindowsException'{0x00000007105cea48}> (0x00000007105cea48) thrown at [./src/hotspot/share/prims/jni.cpp, line 616]
Event: 1.096 Thread 0x000001c1d5d46000 Exception <a 'sun/nio/fs/WindowsException'{0x00000007105cefb8}> (0x00000007105cefb8) thrown at [./src/hotspot/share/prims/jni.cpp, line 616]
Event: 1.137 Thread 0x000001c1d5d46000 Exception <a 'java/lang/NoSuchMethodError'{0x000000071044c540}: 'int java.lang.invoke.DirectMethodHandle$Holder.invokeSpecialIFC(java.lang.Object, java.lang.Object, int)'> (0x000000071044c540) thrown at [./src/hotspot/share/interpreter/linkResolver.cpp, line 773]
Event: 1.246 Thread 0x000001c1d5d46000 Exception <a 'java/lang/NoSuchMethodError'{0x0000000710377c30}: 'java.lang.Object java.lang.invoke.DirectMethodHandle$Holder.invokeStaticInit(java.lang.Object, int, int, int, int)'> (0x0000000710377c30) thrown at [./src/hotspot/share/interpreter/linkResolver.cpp, line 773]
Event: 1.248 Thread 0x000001c1d5d46000 Exception <a 'sun/nio/fs/WindowsException'{0x000000071037e7f8}> (0x000000071037e7f8) thrown at [./src/hotspot/share/prims/jni.cpp, line 616]
Event: 1.258 Thread 0x000001c1d5d46000 Exception <a 'java/lang/NoSuchMethodError'{0x000000071039d470}: 'int java.lang.invoke.DirectMethodHandle$Holder.invokeStaticInit(java.lang.Object, java.lang.Object, java.lang.Object, java.lang.Object)'> (0x000000071039d470) thrown at [./src/hotspot/share/interpreter/linkResolver.cpp, line 773]
Event: 1.259 Thread 0x000001c1d5d46000 Exception <a 'java/lang/IncompatibleClassChangeError'{0x00000007103a66e0}: Found class java.lang.Object, but interface was expected> (0x00000007103a66e0) thrown at [./src/hotspot/share/interpreter/linkResolver.cpp, line 839]
Event: 1.260 Thread 0x000001c1d5d46000 Exception <a 'java/lang/NoSuchMethodError'{0x00000007103a9490}: 'void java.lang.invoke.DirectMethodHandle$Holder.invokeStaticInit(java.lang.Object, java.lang.Object)'> (0x00000007103a9490) thrown at [./src/hotspot/share/interpreter/linkResolver.cpp, line 773]
Event: 1.260 Thread 0x000001c1d5d46000 Exception <a 'java/lang/NoSuchMethodError'{0x00000007103ae900}: 'int java.lang.invoke.DirectMethodHandle$Holder.invokeStaticInit(java.lang.Object, java.lang.Object)'> (0x00000007103ae900) thrown at [./src/hotspot/share/interpreter/linkResolver.cpp, line 773]
Event: 1.693 Thread 0x000001c1d5d46000 Exception <a 'java/lang/NoSuchMethodError'{0x00000007114f7518}: 'java.lang.Object java.lang.invoke.DirectMethodHandle$Holder.invokeStaticInit(java.lang.Object, java.lang.Object, int, int, int, int)'> (0x00000007114f7518) thrown at [./src/hotspot/share/interpreter/linkResolver.cpp, line 773]

Events (20 events):
Event: 2.741 loading class sun/util/cldr/CLDRTimeZoneNameProviderImpl
Event: 2.742 loading class sun/util/locale/provider/TimeZoneNameProviderImpl
Event: 2.742 loading class sun/util/locale/provider/TimeZoneNameProviderImpl done
Event: 2.742 loading class sun/util/cldr/CLDRTimeZoneNameProviderImpl done
Event: 2.743 loading class sun/util/locale/provider/BaseLocaleDataMetaInfo
Event: 2.743 loading class sun/util/locale/provider/BaseLocaleDataMetaInfo done
Event: 2.744 loading class sun/util/resources/cldr/TimeZoneNames
Event: 2.744 loading class sun/util/resources/TimeZoneNamesBundle
Event: 2.745 loading class sun/util/resources/OpenListResourceBundle
Event: 2.745 loading class sun/util/resources/OpenListResourceBundle done
Event: 2.745 loading class sun/util/resources/TimeZoneNamesBundle done
Event: 2.745 loading class sun/util/resources/cldr/TimeZoneNames done
Event: 2.745 loading class sun/util/resources/cldr/TimeZoneNames_en
Event: 2.746 loading class sun/util/resources/cldr/TimeZoneNames_en done
Event: 2.746 loading class sun/util/resources/cldr/TimeZoneNames_en_US
Event: 2.746 loading class sun/util/resources/cldr/TimeZoneNames_en_US done
Event: 2.748 loading class sun/util/resources/TimeZoneNames
Event: 2.749 loading class sun/util/resources/TimeZoneNames done
Event: 2.749 loading class sun/util/resources/TimeZoneNames_en
Event: 2.749 loading class sun/util/resources/TimeZoneNames_en done


Dynamic libraries:
0x00007ff680ea0000 - 0x00007ff680ead000 	C:\Program Files\Unity\Hub\Editor\2022.3.17f1\Editor\Data\PlaybackEngines\AndroidPlayer\OpenJDK\bin\java.exe
0x00007ffe86a50000 - 0x00007ffe86c48000 	C:\Windows\SYSTEM32\ntdll.dll
0x00007ffe86580000 - 0x00007ffe8663d000 	C:\Windows\System32\KERNEL32.DLL
0x00007ffe84590000 - 0x00007ffe84886000 	C:\Windows\System32\KERNELBASE.dll
0x00007ffe84890000 - 0x00007ffe84990000 	C:\Windows\System32\ucrtbase.dll
0x00007ffe7dca0000 - 0x00007ffe7dcb7000 	C:\Program Files\Unity\Hub\Editor\2022.3.17f1\Editor\Data\PlaybackEngines\AndroidPlayer\OpenJDK\bin\jli.dll
0x00007ffe7a970000 - 0x00007ffe7a985000 	C:\Program Files\Unity\Hub\Editor\2022.3.17f1\Editor\Data\PlaybackEngines\AndroidPlayer\OpenJDK\bin\VCRUNTIME140.dll
0x00007ffe84ff0000 - 0x00007ffe8518e000 	C:\Windows\System32\USER32.dll
0x00007ffe84120000 - 0x00007ffe84142000 	C:\Windows\System32\win32u.dll
0x00007ffe73f50000 - 0x00007ffe741ea000 	C:\Windows\WinSxS\amd64_microsoft.windows.common-controls_6595b64144ccf1df_6.0.19041.3636_none_60b6a03d71f818d5\COMCTL32.dll
0x00007ffe86400000 - 0x00007ffe8642c000 	C:\Windows\System32\GDI32.dll
0x00007ffe86970000 - 0x00007ffe86a0e000 	C:\Windows\System32\msvcrt.dll
0x00007ffe84470000 - 0x00007ffe8458a000 	C:\Windows\System32\gdi32full.dll
0x00007ffe84a00000 - 0x00007ffe84a9d000 	C:\Windows\System32\msvcp_win.dll
0x00007ffe84d70000 - 0x00007ffe84da0000 	C:\Windows\System32\IMM32.DLL
0x00007ffe75b70000 - 0x00007ffe75c0b000 	C:\Program Files\Unity\Hub\Editor\2022.3.17f1\Editor\Data\PlaybackEngines\AndroidPlayer\OpenJDK\bin\msvcp140.dll
0x00007ffda7fe0000 - 0x00007ffda8b61000 	C:\Program Files\Unity\Hub\Editor\2022.3.17f1\Editor\Data\PlaybackEngines\AndroidPlayer\OpenJDK\bin\server\jvm.dll
0x00007ffe84e00000 - 0x00007ffe84eb3000 	C:\Windows\System32\ADVAPI32.dll
0x00007ffe864d0000 - 0x00007ffe8656f000 	C:\Windows\System32\sechost.dll
0x00007ffe84ec0000 - 0x00007ffe84fe6000 	C:\Windows\System32\RPCRT4.dll
0x00007ffe84340000 - 0x00007ffe84367000 	C:\Windows\System32\bcrypt.dll
0x00007ffe85190000 - 0x00007ffe85198000 	C:\Windows\System32\PSAPI.DLL
0x00007ffe6e360000 - 0x00007ffe6e369000 	C:\Windows\SYSTEM32\WSOCK32.dll
0x00007ffe7a1f0000 - 0x00007ffe7a217000 	C:\Windows\SYSTEM32\WINMM.dll
0x00007ffe85570000 - 0x00007ffe855db000 	C:\Windows\System32\WS2_32.dll
0x00007ffe7e130000 - 0x00007ffe7e13a000 	C:\Windows\SYSTEM32\VERSION.dll
0x00007ffe81e10000 - 0x00007ffe81e22000 	C:\Windows\SYSTEM32\kernel.appcore.dll
0x00007ffe7dc70000 - 0x00007ffe7dc80000 	C:\Program Files\Unity\Hub\Editor\2022.3.17f1\Editor\Data\PlaybackEngines\AndroidPlayer\OpenJDK\bin\verify.dll
0x00007ffe7cd30000 - 0x00007ffe7cf14000 	C:\Windows\SYSTEM32\DBGHELP.DLL
0x00007ffe70850000 - 0x00007ffe70884000 	C:\Windows\SYSTEM32\dbgcore.DLL
0x00007ffe84150000 - 0x00007ffe841d2000 	C:\Windows\System32\bcryptPrimitives.dll
0x00007ffe76ab0000 - 0x00007ffe76ad8000 	C:\Program Files\Unity\Hub\Editor\2022.3.17f1\Editor\Data\PlaybackEngines\AndroidPlayer\OpenJDK\bin\java.dll
0x00007ffe7b720000 - 0x00007ffe7b72a000 	C:\Program Files\Unity\Hub\Editor\2022.3.17f1\Editor\Data\PlaybackEngines\AndroidPlayer\OpenJDK\bin\jimage.dll
0x00007ffe75b50000 - 0x00007ffe75b68000 	C:\Program Files\Unity\Hub\Editor\2022.3.17f1\Editor\Data\PlaybackEngines\AndroidPlayer\OpenJDK\bin\zip.dll
0x00007ffe856b0000 - 0x00007ffe85df5000 	C:\Windows\System32\SHELL32.dll
0x00007ffe82010000 - 0x00007ffe827ab000 	C:\Windows\SYSTEM32\windows.storage.dll
0x00007ffe85210000 - 0x00007ffe85564000 	C:\Windows\System32\combase.dll
0x00007ffe83b50000 - 0x00007ffe83b7d000 	C:\Windows\SYSTEM32\Wldp.dll
0x00007ffe84b30000 - 0x00007ffe84bdd000 	C:\Windows\System32\SHCORE.dll
0x00007ffe86910000 - 0x00007ffe86965000 	C:\Windows\System32\shlwapi.dll
0x00007ffe84050000 - 0x00007ffe84075000 	C:\Windows\SYSTEM32\profapi.dll
0x00007ffe74710000 - 0x00007ffe74729000 	C:\Program Files\Unity\Hub\Editor\2022.3.17f1\Editor\Data\PlaybackEngines\AndroidPlayer\OpenJDK\bin\net.dll
0x00007ffe7cf20000 - 0x00007ffe7d02a000 	C:\Windows\SYSTEM32\WINHTTP.dll
0x00007ffe838b0000 - 0x00007ffe8391a000 	C:\Windows\system32\mswsock.dll
0x00007ffe73ab0000 - 0x00007ffe73ac3000 	C:\Program Files\Unity\Hub\Editor\2022.3.17f1\Editor\Data\PlaybackEngines\AndroidPlayer\OpenJDK\bin\nio.dll
0x00007ffe7b260000 - 0x00007ffe7b26e000 	C:\Program Files\Unity\Hub\Editor\2022.3.17f1\Editor\Data\PlaybackEngines\AndroidPlayer\OpenJDK\bin\sunmscapi.dll
0x00007ffe841e0000 - 0x00007ffe8433d000 	C:\Windows\System32\CRYPT32.dll
0x00007ffe83bc0000 - 0x00007ffe83be8000 	C:\Windows\SYSTEM32\ncrypt.dll
0x00007ffe83b80000 - 0x00007ffe83bbb000 	C:\Windows\SYSTEM32\NTASN1.dll
0x00007ffe736e0000 - 0x00007ffe73705000 	C:\Program Files\Unity\Hub\Editor\2022.3.17f1\Editor\Data\PlaybackEngines\AndroidPlayer\OpenJDK\bin\sunec.dll
0x00007ffe83ab0000 - 0x00007ffe83ac8000 	C:\Windows\SYSTEM32\CRYPTSP.dll
0x00007ffe83170000 - 0x00007ffe831a4000 	C:\Windows\system32\rsaenh.dll
0x00007ffe84010000 - 0x00007ffe8403e000 	C:\Windows\SYSTEM32\USERENV.dll
0x00007ffe83aa0000 - 0x00007ffe83aac000 	C:\Windows\SYSTEM32\CRYPTBASE.dll
0x00007ffe83550000 - 0x00007ffe8358b000 	C:\Windows\SYSTEM32\IPHLPAPI.DLL
0x00007ffe86570000 - 0x00007ffe86578000 	C:\Windows\System32\NSI.dll
0x00007ffe7e5c0000 - 0x00007ffe7e5d7000 	C:\Windows\SYSTEM32\dhcpcsvc6.DLL
0x00007ffe7e570000 - 0x00007ffe7e58d000 	C:\Windows\SYSTEM32\dhcpcsvc.DLL
0x00007ffe835a0000 - 0x00007ffe8366a000 	C:\Windows\SYSTEM32\DNSAPI.dll
0x00007ffe7a420000 - 0x00007ffe7a42a000 	C:\Windows\System32\rasadhlp.dll
0x00007ffe7ec90000 - 0x00007ffe7ed10000 	C:\Windows\System32\fwpuclnt.dll

dbghelp: loaded successfully - version: 4.0.5 - missing functions: none
symbol engine: initialized successfully - sym options: 0x614 - pdb path: .;C:\Program Files\Unity\Hub\Editor\2022.3.17f1\Editor\Data\PlaybackEngines\AndroidPlayer\OpenJDK\bin;C:\Windows\SYSTEM32;C:\Windows\WinSxS\amd64_microsoft.windows.common-controls_6595b64144ccf1df_6.0.19041.3636_none_60b6a03d71f818d5;C:\Program Files\Unity\Hub\Editor\2022.3.17f1\Editor\Data\PlaybackEngines\AndroidPlayer\OpenJDK\bin\server

VM Arguments:
jvm_args: -Dfile.encoding=UTF-8 -Dcom.android.sdklib.toolsdir=C:\Program Files\Unity\Hub\Editor\2022.3.17f1\Editor\Data\PlaybackEngines\AndroidPlayer\SDK\cmdline-tools\6.0\bin\\.. 
java_command: com.android.sdklib.tool.sdkmanager.SdkManagerCli --list
java_class_path (initial): C:\Program Files\Unity\Hub\Editor\2022.3.17f1\Editor\Data\PlaybackEngines\AndroidPlayer\SDK\cmdline-tools\6.0\bin\..\lib\sdkmanager-classpath.jar
Launcher Type: SUN_STANDARD

[Global flags]
     intx CICompilerCount                          = 4                                         {product} {ergonomic}
     uint ConcGCThreads                            = 2                                         {product} {ergonomic}
     uint G1ConcRefinementThreads                  = 8                                         {product} {ergonomic}
   size_t G1HeapRegionSize                         = 1048576                                   {product} {ergonomic}
    uintx GCDrainStackTargetSize                   = 64                                        {product} {ergonomic}
   size_t InitialHeapSize                          = 268435456                                 {product} {ergonomic}
   size_t MarkStackSize                            = 4194304                                   {product} {ergonomic}
   size_t MaxHeapSize                              = 4267704320                                {product} {ergonomic}
   size_t MaxNewSize                               = 2560622592                                {product} {ergonomic}
   size_t MinHeapDeltaBytes                        = 1048576                                   {product} {ergonomic}
    uintx NonNMethodCodeHeapSize                   = 5836300                                {pd product} {ergonomic}
    uintx NonProfiledCodeHeapSize                  = 122910970                              {pd product} {ergonomic}
    uintx ProfiledCodeHeapSize                     = 122910970                              {pd product} {ergonomic}
    uintx ReservedCodeCacheSize                    = 251658240                              {pd product} {ergonomic}
     bool SegmentedCodeCache                       = true                                      {product} {ergonomic}
     bool UseCompressedClassPointers               = true                                 {lp64_product} {ergonomic}
     bool UseCompressedOops                        = true                                 {lp64_product} {ergonomic}
     bool UseG1GC                                  = true                                      {product} {ergonomic}
     bool UseLargePagesIndividualAllocation        = false                                  {pd product} {ergonomic}

Logging:
Log output configuration:
 #0: stdout all=warning uptime,level,tags
 #1: stderr all=off uptime,level,tags

Environment Variables:
JAVA_HOME=C:\Program Files\Unity\Hub\Editor\2022.3.17f1\Editor\Data\PlaybackEngines\AndroidPlayer\OpenJDK
JAVA_TOOL_OPTIONS=-Dfile.encoding=UTF-8
CLASSPATH=C:\Program Files\Unity\Hub\Editor\2022.3.17f1\Editor\Data\PlaybackEngines\AndroidPlayer\SDK\cmdline-tools\6.0\bin\..\lib\sdkmanager-classpath.jar
PATH=C:\Program Files\Eclipse Adoptium\jdk-21.0.2.13-hotspot\bin;C:\Program Files\Amazon Corretto\jdk21.0.2_13\bin;C:\Program Files\Eclipse Adoptium\jdk-11.0.22.7-hotspot\bin;C:\Program Files\Amazon Corretto\jdk11.0.22_7\bin;C:\Program Files\Eclipse Adoptium\jdk-17.0.10.7-hotspot\bin;C:\Program Files\Amazon Corretto\jdk17.0.10_7\bin;C:\Program Files\Amazon Corretto\jdk1.8.0_402\bin;C:\Program Files (x86)\Amazon Corretto\jdk1.8.0_402\bin;C:\Program Files (x86)\Eclipse Adoptium\jdk-8.0.392.8-hotspot\bin;C:\Program Files\Eclipse Adoptium\jdk-8.0.402.6-hotspot\bin;C:\Program Files\Eclipse Adoptium\jre-21.0.2.13-hotspot\bin;C:\Program Files\Eclipse Adoptium\jre-8.0.402.6-hotspot\bin;C:\Program Files\Eclipse Adoptium\jre-17.0.10.7-hotspot\bin;C:\Program Files\Eclipse Adoptium\jre-11.0.22.7-hotspot\bin;C:\Program Files (x86)\Eclipse Adoptium\jre-8.0.392.8-hotspot\bin;C:\Program Files (x86)\Common Files\Oracle\Java\javapath;C:\Program Files\Python312\Scripts\;C:\Program Files\Python312\;C:\Windows\system32;C:\Windows;C:\Windows\System32\Wbem;C:\Windows\System32\WindowsPowerShell\v1.0\;C:\Windows\System32\OpenSSH\;C:\Program Files\PuTTY\;C:\Program Files\Microsoft VS Code\bin;C:\Program Files\Microsoft SQL Server\150\Tools\Binn\;C:\Program Files\Microsoft SQL Server\Client SDK\ODBC\170\Tools\Binn\;C:\Program Files\dotnet\;C:\Program Files (x86)\Windows Kits\10\Windows Performance Toolkit\;C:\Program Files\nodejs\;C:\ProgramData\chocolatey\bin;C:\Program Files\Git\cmd;C:\Program Files\Docker\Docker\resources\bin;C:\Users\aluno\AppData\Local\Microsoft\WindowsApps;
USERNAME=aluno
OS=Windows_NT
PROCESSOR_IDENTIFIER=AMD64 Family 23 Model 1 Stepping 1, AuthenticAMD



---------------  S Y S T E M  ---------------

OS: Windows 10 , 64 bit Build 19041 (10.0.19041.3636)
OS uptime: 0 days 23:07 hours

CPU:total 8 (initial active 8) (8 cores per cpu, 2 threads per core) family 23 model 1 stepping 1 microcode 0x0, cmov, cx8, fxsr, mmx, sse, sse2, sse3, ssse3, sse4.1, sse4.2, popcnt, avx, avx2, aes, clmul, mmxext, 3dnowpref, lzcnt, sse4a, ht, tsc, tscinvbit, tscinv, bmi1, bmi2, adx, sha, fma

Memory: 4k page, system-wide physical 16277M (6186M free)
TotalPageFile size 18709M (AvailPageFile size 2175M)
current process WorkingSet (physical memory assigned to process): 105M, peak: 105M
current process commit charge ("private bytes"): 369M, peak: 369M

vm_info: OpenJDK 64-Bit Server VM (11.0.14.1+1) for windows-amd64 JRE (11.0.14.1+1), built on Feb  9 2022 01:48:27 by "" with unknown MS VC++:1916

END.
